TN:
SF:src/App.tsx
FN:6,(anonymous_0)
FN:16,App
FNF:2
FNH:2
FNDA:1,(anonymous_0)
FNDA:1,App
DA:6,1
DA:17,1
DA:19,1
LF:3
LH:3
BRF:0
BRH:0
end_of_record
TN:
SF:src/index.tsx
FNF:0
FNH:0
DA:6,0
LF:1
LH:0
BRF:0
BRH:0
end_of_record
TN:
SF:src/reportWebVitals.ts
FN:3,(anonymous_0)
FN:5,(anonymous_1)
FNF:2
FNH:0
FNDA:0,(anonymous_0)
FNDA:0,(anonymous_1)
DA:3,0
DA:4,0
DA:5,0
DA:6,0
DA:7,0
DA:8,0
DA:9,0
DA:10,0
LF:8
LH:0
BRDA:4,0,0,0
BRDA:4,0,1,0
BRDA:4,1,0,0
BRDA:4,1,1,0
BRF:4
BRH:0
end_of_record
TN:
SF:src/components/BottomContent/colors.js
FNF:0
FNH:0
DA:2,1
LF:1
LH:1
BRF:0
BRH:0
end_of_record
TN:
SF:src/components/BottomContent/index.tsx
FN:14,(anonymous_0)
FN:47,(anonymous_1)
FN:54,(anonymous_2)
FN:59,(anonymous_3)
FN:64,(anonymous_4)
FNF:5
FNH:3
FNDA:1,(anonymous_0)
FNDA:1,(anonymous_1)
FNDA:0,(anonymous_2)
FNDA:0,(anonymous_3)
FNDA:1,(anonymous_4)
DA:14,1
DA:47,1
DA:48,1
DA:49,1
DA:52,0
DA:55,0
DA:59,0
DA:61,0
DA:64,1
DA:65,1
DA:66,1
DA:69,1
DA:97,1
DA:108,1
LF:14
LH:10
BRDA:48,0,0,1
BRDA:48,0,1,0
BRDA:54,1,0,0
BRDA:55,2,0,0
BRDA:55,2,1,0
BRF:5
BRH:1
end_of_record
TN:
SF:src/components/MiddleContent/index.tsx
FN:12,(anonymous_0)
FN:38,(anonymous_1)
FNF:2
FNH:2
FNDA:3,(anonymous_0)
FNDA:3,(anonymous_1)
DA:12,3
DA:38,2
DA:39,3
DA:41,3
LF:4
LH:4
BRF:0
BRH:0
end_of_record
TN:
SF:src/components/MiddleContentItem/index.tsx
FN:21,(anonymous_0)
FN:72,(anonymous_1)
FN:78,(anonymous_2)
FNF:3
FNH:3
FNDA:3,(anonymous_0)
FNDA:3,(anonymous_1)
FNDA:12,(anonymous_2)
DA:21,3
DA:72,2
DA:73,3
DA:74,3
DA:76,3
DA:79,12
DA:81,12
LF:7
LH:7
BRDA:79,0,0,6
BRDA:79,0,1,6
BRDA:133,1,0,12
BRDA:133,1,1,9
BRF:4
BRH:4
end_of_record
TN:
SF:src/components/Sidebar/index.tsx
FN:9,(anonymous_0)
FN:19,(anonymous_1)
FNF:2
FNH:2
FNDA:1,(anonymous_0)
FNDA:1,(anonymous_1)
DA:9,1
DA:19,1
DA:20,1
DA:22,1
LF:4
LH:4
BRF:0
BRH:0
end_of_record
TN:
SF:src/components/TopContent/index.tsx
FN:13,(anonymous_0)
FN:50,(anonymous_1)
FN:73,(anonymous_2)
FNF:3
FNH:3
FNDA:2,(anonymous_0)
FNDA:2,(anonymous_1)
FNDA:8,(anonymous_2)
DA:13,2
DA:50,2
DA:51,2
DA:52,2
DA:54,2
DA:74,8
LF:6
LH:6
BRDA:84,0,0,8
BRDA:84,0,1,2
BRF:2
BRH:2
end_of_record
TN:
SF:src/context/RampsContext.tsx
FN:22,(anonymous_0)
FN:26,(anonymous_1)
FN:28,(anonymous_2)
FN:29,(anonymous_3)
FNF:4
FNH:3
FNDA:1,(anonymous_0)
FNDA:1,(anonymous_1)
FNDA:1,(anonymous_2)
FNDA:0,(anonymous_3)
DA:11,1
DA:19,1
DA:22,1
DA:23,1
DA:26,1
DA:28,1
DA:29,1
DA:30,0
DA:34,1
LF:9
LH:8
BRF:0
BRH:0
end_of_record
TN:
SF:src/services/getRampAlgorithms/index.tsx
FN:10,getRampAlgorithms
FN:13,(anonymous_1)
FNF:2
FNH:1
FNDA:1,getRampAlgorithms
FNDA:0,(anonymous_1)
DA:11,1
DA:13,1
DA:14,0
DA:15,0
DA:16,0
DA:24,0
LF:6
LH:2
BRF:0
BRH:0
end_of_record
